0 info it worked if it ends with ok
1 verbose cli [ 'C:\\Program Files\\nodejs\\node.exe',
1 verbose cli   'C:\\Program Files\\nodejs\\node_modules\\npm\\bin\\npm-cli.js',
1 verbose cli   'install' ]
2 info using npm@2.15.1
3 info using node@v4.4.3
4 verbose readDependencies loading dependencies from C:\wamp\www\auto-suggestion\angular-select2-master\package.json
5 verbose install where, deps [ 'C:\\wamp\\www\\auto-suggestion\\angular-select2-master',
5 verbose install   [ 'grunt',
5 verbose install     'grunt-bump',
5 verbose install     'grunt-contrib-clean',
5 verbose install     'grunt-contrib-concat',
5 verbose install     'grunt-contrib-connect',
5 verbose install     'grunt-contrib-jshint',
5 verbose install     'grunt-contrib-uglify',
5 verbose install     'grunt-contrib-watch',
5 verbose install     'grunt-jscs',
5 verbose install     'grunt-ng-annotate',
5 verbose install     'grunt-protractor-runner',
5 verbose install     'grunt-sauce-tunnel',
5 verbose install     'grunt-shell',
5 verbose install     'open-sauce-browsers',
5 verbose install     'protractor' ] ]
6 verbose install where, peers [ 'C:\\wamp\\www\\auto-suggestion\\angular-select2-master', [] ]
7 verbose installManyTop reading for lifecycle C:\wamp\www\auto-suggestion\angular-select2-master\package.json
8 info preinstall angular-select2@1.4.3
9 verbose installManyTop reading scoped package data from C:\wamp\www\auto-suggestion\angular-select2-master\node_modules\grunt\package.json
10 verbose installManyTop reading scoped package data from C:\wamp\www\auto-suggestion\angular-select2-master\node_modules\grunt-contrib-clean\package.json
11 verbose readDependencies loading dependencies from C:\wamp\www\auto-suggestion\angular-select2-master\package.json
12 verbose targetResolver reading package data from C:\wamp\www\auto-suggestion\angular-select2-master\node_modules\grunt\package.json
13 verbose targetResolver reading package data from C:\wamp\www\auto-suggestion\angular-select2-master\node_modules\grunt-contrib-clean\package.json
14 verbose targetResolver reading package data from C:\wamp\www\auto-suggestion\angular-select2-master\node_modules\.bin\grunt\package.json
15 verbose targetResolver reading package data from C:\wamp\www\auto-suggestion\angular-select2-master\node_modules\.bin\grunt.cmd\package.json
16 silly cache add args [ 'grunt-ng-annotate@^0.3.2', null ]
17 verbose cache add spec grunt-ng-annotate@^0.3.2
18 silly cache add parsed spec Result {
18 silly cache add   raw: 'grunt-ng-annotate@^0.3.2',
18 silly cache add   scope: null,
18 silly cache add   name: 'grunt-ng-annotate',
18 silly cache add   rawSpec: '^0.3.2',
18 silly cache add   spec: '>=0.3.2 <0.4.0',
18 silly cache add   type: 'range' }
19 silly addNamed grunt-ng-annotate@>=0.3.2 <0.4.0
20 verbose addNamed ">=0.3.2 <0.4.0" is a valid semver range for grunt-ng-annotate
21 silly addNameRange { name: 'grunt-ng-annotate',
21 silly addNameRange   range: '>=0.3.2 <0.4.0',
21 silly addNameRange   hasData: false }
22 silly mapToRegistry name grunt-ng-annotate
23 silly mapToRegistry using default registry
24 silly mapToRegistry registry https://registry.npmjs.org/
25 silly mapToRegistry data Result {
25 silly mapToRegistry   raw: 'grunt-ng-annotate',
25 silly mapToRegistry   scope: null,
25 silly mapToRegistry   name: 'grunt-ng-annotate',
25 silly mapToRegistry   rawSpec: '',
25 silly mapToRegistry   spec: 'latest',
25 silly mapToRegistry   type: 'tag' }
26 silly mapToRegistry uri https://registry.npmjs.org/grunt-ng-annotate
27 verbose addNameRange registry:https://registry.npmjs.org/grunt-ng-annotate not in flight; fetching
28 silly cache add args [ 'grunt-protractor-runner@1.1.4', null ]
29 verbose cache add spec grunt-protractor-runner@1.1.4
30 silly cache add parsed spec Result {
30 silly cache add   raw: 'grunt-protractor-runner@1.1.4',
30 silly cache add   scope: null,
30 silly cache add   name: 'grunt-protractor-runner',
30 silly cache add   rawSpec: '1.1.4',
30 silly cache add   spec: '1.1.4',
30 silly cache add   type: 'version' }
31 silly addNamed grunt-protractor-runner@1.1.4
32 verbose addNamed "1.1.4" is a plain semver version for grunt-protractor-runner
33 silly mapToRegistry name grunt-protractor-runner
34 silly mapToRegistry using default registry
35 silly mapToRegistry registry https://registry.npmjs.org/
36 silly mapToRegistry data Result {
36 silly mapToRegistry   raw: 'grunt-protractor-runner',
36 silly mapToRegistry   scope: null,
36 silly mapToRegistry   name: 'grunt-protractor-runner',
36 silly mapToRegistry   rawSpec: '',
36 silly mapToRegistry   spec: 'latest',
36 silly mapToRegistry   type: 'tag' }
37 silly mapToRegistry uri https://registry.npmjs.org/grunt-protractor-runner
38 verbose addNameVersion registry:https://registry.npmjs.org/grunt-protractor-runner not in flight; fetching
39 silly cache add args [ 'grunt-sauce-tunnel@^0.2.0', null ]
40 verbose cache add spec grunt-sauce-tunnel@^0.2.0
41 silly cache add parsed spec Result {
41 silly cache add   raw: 'grunt-sauce-tunnel@^0.2.0',
41 silly cache add   scope: null,
41 silly cache add   name: 'grunt-sauce-tunnel',
41 silly cache add   rawSpec: '^0.2.0',
41 silly cache add   spec: '>=0.2.0 <0.3.0',
41 silly cache add   type: 'range' }
42 silly addNamed grunt-sauce-tunnel@>=0.2.0 <0.3.0
43 verbose addNamed ">=0.2.0 <0.3.0" is a valid semver range for grunt-sauce-tunnel
44 silly addNameRange { name: 'grunt-sauce-tunnel',
44 silly addNameRange   range: '>=0.2.0 <0.3.0',
44 silly addNameRange   hasData: false }
45 silly mapToRegistry name grunt-sauce-tunnel
46 silly mapToRegistry using default registry
47 silly mapToRegistry registry https://registry.npmjs.org/
48 silly mapToRegistry data Result {
48 silly mapToRegistry   raw: 'grunt-sauce-tunnel',
48 silly mapToRegistry   scope: null,
48 silly mapToRegistry   name: 'grunt-sauce-tunnel',
48 silly mapToRegistry   rawSpec: '',
48 silly mapToRegistry   spec: 'latest',
48 silly mapToRegistry   type: 'tag' }
49 silly mapToRegistry uri https://registry.npmjs.org/grunt-sauce-tunnel
50 verbose addNameRange registry:https://registry.npmjs.org/grunt-sauce-tunnel not in flight; fetching
51 silly cache add args [ 'grunt-shell@^0.6.4', null ]
52 verbose cache add spec grunt-shell@^0.6.4
53 silly cache add parsed spec Result {
53 silly cache add   raw: 'grunt-shell@^0.6.4',
53 silly cache add   scope: null,
53 silly cache add   name: 'grunt-shell',
53 silly cache add   rawSpec: '^0.6.4',
53 silly cache add   spec: '>=0.6.4 <0.7.0',
53 silly cache add   type: 'range' }
54 silly addNamed grunt-shell@>=0.6.4 <0.7.0
55 verbose addNamed ">=0.6.4 <0.7.0" is a valid semver range for grunt-shell
56 silly addNameRange { name: 'grunt-shell', range: '>=0.6.4 <0.7.0', hasData: false }
57 silly mapToRegistry name grunt-shell
58 silly mapToRegistry using default registry
59 silly mapToRegistry registry https://registry.npmjs.org/
60 silly mapToRegistry data Result {
60 silly mapToRegistry   raw: 'grunt-shell',
60 silly mapToRegistry   scope: null,
60 silly mapToRegistry   name: 'grunt-shell',
60 silly mapToRegistry   rawSpec: '',
60 silly mapToRegistry   spec: 'latest',
60 silly mapToRegistry   type: 'tag' }
61 silly mapToRegistry uri https://registry.npmjs.org/grunt-shell
62 verbose addNameRange registry:https://registry.npmjs.org/grunt-shell not in flight; fetching
63 silly cache add args [ 'open-sauce-browsers@git://github.com/rubenv/open-sauce-browsers.git',
63 silly cache add   null ]
64 verbose cache add spec open-sauce-browsers@git://github.com/rubenv/open-sauce-browsers.git
65 silly cache add args [ 'protractor@~1.2.0', null ]
66 verbose cache add spec protractor@~1.2.0
67 silly cache add parsed spec Result {
67 silly cache add   raw: 'protractor@~1.2.0',
67 silly cache add   scope: null,
67 silly cache add   name: 'protractor',
67 silly cache add   rawSpec: '~1.2.0',
67 silly cache add   spec: '>=1.2.0 <1.3.0',
67 silly cache add   type: 'range' }
68 silly addNamed protractor@>=1.2.0 <1.3.0
69 verbose addNamed ">=1.2.0 <1.3.0" is a valid semver range for protractor
70 silly addNameRange { name: 'protractor', range: '>=1.2.0 <1.3.0', hasData: false }
71 silly mapToRegistry name protractor
72 silly mapToRegistry using default registry
73 silly mapToRegistry registry https://registry.npmjs.org/
74 silly mapToRegistry data Result {
74 silly mapToRegistry   raw: 'protractor',
74 silly mapToRegistry   scope: null,
74 silly mapToRegistry   name: 'protractor',
74 silly mapToRegistry   rawSpec: '',
74 silly mapToRegistry   spec: 'latest',
74 silly mapToRegistry   type: 'tag' }
75 silly mapToRegistry uri https://registry.npmjs.org/protractor
76 verbose addNameRange registry:https://registry.npmjs.org/protractor not in flight; fetching
77 verbose already installed skipping grunt@^1.0.1 C:\wamp\www\auto-suggestion\angular-select2-master
78 silly cache add args [ 'grunt-bump@0.0.13', null ]
79 verbose cache add spec grunt-bump@0.0.13
80 silly cache add parsed spec Result {
80 silly cache add   raw: 'grunt-bump@0.0.13',
80 silly cache add   scope: null,
80 silly cache add   name: 'grunt-bump',
80 silly cache add   rawSpec: '0.0.13',
80 silly cache add   spec: '0.0.13',
80 silly cache add   type: 'version' }
81 silly addNamed grunt-bump@0.0.13
82 verbose addNamed "0.0.13" is a plain semver version for grunt-bump
83 silly mapToRegistry name grunt-bump
84 silly mapToRegistry using default registry
85 silly mapToRegistry registry https://registry.npmjs.org/
86 silly mapToRegistry data Result {
86 silly mapToRegistry   raw: 'grunt-bump',
86 silly mapToRegistry   scope: null,
86 silly mapToRegistry   name: 'grunt-bump',
86 silly mapToRegistry   rawSpec: '',
86 silly mapToRegistry   spec: 'latest',
86 silly mapToRegistry   type: 'tag' }
87 silly mapToRegistry uri https://registry.npmjs.org/grunt-bump
88 verbose addNameVersion registry:https://registry.npmjs.org/grunt-bump not in flight; fetching
89 verbose already installed skipping grunt-contrib-clean@^1.0.0 C:\wamp\www\auto-suggestion\angular-select2-master
90 silly cache add args [ 'grunt-contrib-concat@~0.4.0', null ]
91 verbose cache add spec grunt-contrib-concat@~0.4.0
92 silly cache add parsed spec Result {
92 silly cache add   raw: 'grunt-contrib-concat@~0.4.0',
92 silly cache add   scope: null,
92 silly cache add   name: 'grunt-contrib-concat',
92 silly cache add   rawSpec: '~0.4.0',
92 silly cache add   spec: '>=0.4.0 <0.5.0',
92 silly cache add   type: 'range' }
93 silly addNamed grunt-contrib-concat@>=0.4.0 <0.5.0
94 verbose addNamed ">=0.4.0 <0.5.0" is a valid semver range for grunt-contrib-concat
95 silly addNameRange { name: 'grunt-contrib-concat',
95 silly addNameRange   range: '>=0.4.0 <0.5.0',
95 silly addNameRange   hasData: false }
96 silly mapToRegistry name grunt-contrib-concat
97 silly mapToRegistry using default registry
98 silly mapToRegistry registry https://registry.npmjs.org/
99 silly mapToRegistry data Result {
99 silly mapToRegistry   raw: 'grunt-contrib-concat',
99 silly mapToRegistry   scope: null,
99 silly mapToRegistry   name: 'grunt-contrib-concat',
99 silly mapToRegistry   rawSpec: '',
99 silly mapToRegistry   spec: 'latest',
99 silly mapToRegistry   type: 'tag' }
100 silly mapToRegistry uri https://registry.npmjs.org/grunt-contrib-concat
101 verbose addNameRange registry:https://registry.npmjs.org/grunt-contrib-concat not in flight; fetching
102 silly cache add args [ 'grunt-contrib-connect@~0.7.1', null ]
103 verbose cache add spec grunt-contrib-connect@~0.7.1
104 silly cache add parsed spec Result {
104 silly cache add   raw: 'grunt-contrib-connect@~0.7.1',
104 silly cache add   scope: null,
104 silly cache add   name: 'grunt-contrib-connect',
104 silly cache add   rawSpec: '~0.7.1',
104 silly cache add   spec: '>=0.7.1 <0.8.0',
104 silly cache add   type: 'range' }
105 silly addNamed grunt-contrib-connect@>=0.7.1 <0.8.0
106 verbose addNamed ">=0.7.1 <0.8.0" is a valid semver range for grunt-contrib-connect
107 silly addNameRange { name: 'grunt-contrib-connect',
107 silly addNameRange   range: '>=0.7.1 <0.8.0',
107 silly addNameRange   hasData: false }
108 silly mapToRegistry name grunt-contrib-connect
109 silly mapToRegistry using default registry
110 silly mapToRegistry registry https://registry.npmjs.org/
111 silly mapToRegistry data Result {
111 silly mapToRegistry   raw: 'grunt-contrib-connect',
111 silly mapToRegistry   scope: null,
111 silly mapToRegistry   name: 'grunt-contrib-connect',
111 silly mapToRegistry   rawSpec: '',
111 silly mapToRegistry   spec: 'latest',
111 silly mapToRegistry   type: 'tag' }
112 silly mapToRegistry uri https://registry.npmjs.org/grunt-contrib-connect
113 verbose addNameRange registry:https://registry.npmjs.org/grunt-contrib-connect not in flight; fetching
114 silly cache add args [ 'grunt-contrib-jshint@~0.10.0', null ]
115 verbose cache add spec grunt-contrib-jshint@~0.10.0
116 silly cache add parsed spec Result {
116 silly cache add   raw: 'grunt-contrib-jshint@~0.10.0',
116 silly cache add   scope: null,
116 silly cache add   name: 'grunt-contrib-jshint',
116 silly cache add   rawSpec: '~0.10.0',
116 silly cache add   spec: '>=0.10.0 <0.11.0',
116 silly cache add   type: 'range' }
117 silly addNamed grunt-contrib-jshint@>=0.10.0 <0.11.0
118 verbose addNamed ">=0.10.0 <0.11.0" is a valid semver range for grunt-contrib-jshint
119 silly addNameRange { name: 'grunt-contrib-jshint',
119 silly addNameRange   range: '>=0.10.0 <0.11.0',
119 silly addNameRange   hasData: false }
120 silly mapToRegistry name grunt-contrib-jshint
121 silly mapToRegistry using default registry
122 silly mapToRegistry registry https://registry.npmjs.org/
123 silly mapToRegistry data Result {
123 silly mapToRegistry   raw: 'grunt-contrib-jshint',
123 silly mapToRegistry   scope: null,
123 silly mapToRegistry   name: 'grunt-contrib-jshint',
123 silly mapToRegistry   rawSpec: '',
123 silly mapToRegistry   spec: 'latest',
123 silly mapToRegistry   type: 'tag' }
124 silly mapToRegistry uri https://registry.npmjs.org/grunt-contrib-jshint
125 verbose addNameRange registry:https://registry.npmjs.org/grunt-contrib-jshint not in flight; fetching
126 silly cache add args [ 'grunt-contrib-uglify@~0.2.2', null ]
127 verbose cache add spec grunt-contrib-uglify@~0.2.2
128 silly cache add parsed spec Result {
128 silly cache add   raw: 'grunt-contrib-uglify@~0.2.2',
128 silly cache add   scope: null,
128 silly cache add   name: 'grunt-contrib-uglify',
128 silly cache add   rawSpec: '~0.2.2',
128 silly cache add   spec: '>=0.2.2 <0.3.0',
128 silly cache add   type: 'range' }
129 silly addNamed grunt-contrib-uglify@>=0.2.2 <0.3.0
130 verbose addNamed ">=0.2.2 <0.3.0" is a valid semver range for grunt-contrib-uglify
131 silly addNameRange { name: 'grunt-contrib-uglify',
131 silly addNameRange   range: '>=0.2.2 <0.3.0',
131 silly addNameRange   hasData: false }
132 silly mapToRegistry name grunt-contrib-uglify
133 silly mapToRegistry using default registry
134 silly mapToRegistry registry https://registry.npmjs.org/
135 silly mapToRegistry data Result {
135 silly mapToRegistry   raw: 'grunt-contrib-uglify',
135 silly mapToRegistry   scope: null,
135 silly mapToRegistry   name: 'grunt-contrib-uglify',
135 silly mapToRegistry   rawSpec: '',
135 silly mapToRegistry   spec: 'latest',
135 silly mapToRegistry   type: 'tag' }
136 silly mapToRegistry uri https://registry.npmjs.org/grunt-contrib-uglify
137 verbose addNameRange registry:https://registry.npmjs.org/grunt-contrib-uglify not in flight; fetching
138 silly cache add args [ 'grunt-contrib-watch@~0.6.1', null ]
139 verbose cache add spec grunt-contrib-watch@~0.6.1
140 silly cache add parsed spec Result {
140 silly cache add   raw: 'grunt-contrib-watch@~0.6.1',
140 silly cache add   scope: null,
140 silly cache add   name: 'grunt-contrib-watch',
140 silly cache add   rawSpec: '~0.6.1',
140 silly cache add   spec: '>=0.6.1 <0.7.0',
140 silly cache add   type: 'range' }
141 silly addNamed grunt-contrib-watch@>=0.6.1 <0.7.0
142 verbose addNamed ">=0.6.1 <0.7.0" is a valid semver range for grunt-contrib-watch
143 silly addNameRange { name: 'grunt-contrib-watch',
143 silly addNameRange   range: '>=0.6.1 <0.7.0',
143 silly addNameRange   hasData: false }
144 silly mapToRegistry name grunt-contrib-watch
145 silly mapToRegistry using default registry
146 silly mapToRegistry registry https://registry.npmjs.org/
147 silly mapToRegistry data Result {
147 silly mapToRegistry   raw: 'grunt-contrib-watch',
147 silly mapToRegistry   scope: null,
147 silly mapToRegistry   name: 'grunt-contrib-watch',
147 silly mapToRegistry   rawSpec: '',
147 silly mapToRegistry   spec: 'latest',
147 silly mapToRegistry   type: 'tag' }
148 silly mapToRegistry uri https://registry.npmjs.org/grunt-contrib-watch
149 verbose addNameRange registry:https://registry.npmjs.org/grunt-contrib-watch not in flight; fetching
150 silly cache add args [ 'grunt-jscs@^0.6.2', null ]
151 verbose cache add spec grunt-jscs@^0.6.2
152 silly cache add parsed spec Result {
152 silly cache add   raw: 'grunt-jscs@^0.6.2',
152 silly cache add   scope: null,
152 silly cache add   name: 'grunt-jscs',
152 silly cache add   rawSpec: '^0.6.2',
152 silly cache add   spec: '>=0.6.2 <0.7.0',
152 silly cache add   type: 'range' }
153 silly addNamed grunt-jscs@>=0.6.2 <0.7.0
154 verbose addNamed ">=0.6.2 <0.7.0" is a valid semver range for grunt-jscs
155 silly addNameRange { name: 'grunt-jscs', range: '>=0.6.2 <0.7.0', hasData: false }
156 silly mapToRegistry name grunt-jscs
157 silly mapToRegistry using default registry
158 silly mapToRegistry registry https://registry.npmjs.org/
159 silly mapToRegistry data Result {
159 silly mapToRegistry   raw: 'grunt-jscs',
159 silly mapToRegistry   scope: null,
159 silly mapToRegistry   name: 'grunt-jscs',
159 silly mapToRegistry   rawSpec: '',
159 silly mapToRegistry   spec: 'latest',
159 silly mapToRegistry   type: 'tag' }
160 silly mapToRegistry uri https://registry.npmjs.org/grunt-jscs
161 verbose addNameRange registry:https://registry.npmjs.org/grunt-jscs not in flight; fetching
162 verbose request uri https://registry.npmjs.org/grunt-ng-annotate
163 verbose request no auth needed
164 info attempt registry request try #1 at 8:50:34 PM
165 verbose request id 207327252c5575ac
166 http request GET https://registry.npmjs.org/grunt-ng-annotate
167 verbose request uri https://registry.npmjs.org/grunt-protractor-runner
168 verbose request no auth needed
169 info attempt registry request try #1 at 8:50:34 PM
170 http request GET https://registry.npmjs.org/grunt-protractor-runner
171 verbose request uri https://registry.npmjs.org/grunt-sauce-tunnel
172 verbose request no auth needed
173 info attempt registry request try #1 at 8:50:34 PM
174 http request GET https://registry.npmjs.org/grunt-sauce-tunnel
175 verbose request uri https://registry.npmjs.org/grunt-shell
176 verbose request no auth needed
177 info attempt registry request try #1 at 8:50:34 PM
178 http request GET https://registry.npmjs.org/grunt-shell
179 silly cache add parsed spec Result {
179 silly cache add   raw: 'open-sauce-browsers@git://github.com/rubenv/open-sauce-browsers.git',
179 silly cache add   scope: null,
179 silly cache add   name: 'open-sauce-browsers',
179 silly cache add   rawSpec: 'git://github.com/rubenv/open-sauce-browsers.git',
179 silly cache add   spec: 'git://github.com/rubenv/open-sauce-browsers.git',
179 silly cache add   type: 'hosted',
179 silly cache add   hosted:
179 silly cache add    { type: 'github',
179 silly cache add      ssh: 'git@github.com:rubenv/open-sauce-browsers.git',
179 silly cache add      sshUrl: 'git+ssh://git@github.com/rubenv/open-sauce-browsers.git',
179 silly cache add      httpsUrl: 'git+https://github.com/rubenv/open-sauce-browsers.git',
179 silly cache add      gitUrl: 'git://github.com/rubenv/open-sauce-browsers.git',
179 silly cache add      shortcut: 'github:rubenv/open-sauce-browsers',
179 silly cache add      directUrl: 'https://raw.githubusercontent.com/rubenv/open-sauce-browsers/master/package.json' } }
180 verbose addRemoteGit caching git://github.com/rubenv/open-sauce-browsers.git
181 verbose addRemoteGit git://github.com/rubenv/open-sauce-browsers.git is a repository hosted by github
182 silly tryClone cloning git://github.com/rubenv/open-sauce-browsers.git via git://github.com/rubenv/open-sauce-browsers.git
183 verbose tryClone git-github-com-rubenv-open-sauce-browsers-git-d9bd7208 not in flight; caching
184 verbose correctMkdir C:\Users\bong717\AppData\Roaming\npm-cache\_git-remotes correctMkdir not in flight; initializing
185 verbose request uri https://registry.npmjs.org/protractor
186 verbose request no auth needed
187 info attempt registry request try #1 at 8:50:34 PM
188 http request GET https://registry.npmjs.org/protractor
189 verbose request uri https://registry.npmjs.org/grunt-bump
190 verbose request no auth needed
191 info attempt registry request try #1 at 8:50:34 PM
192 http request GET https://registry.npmjs.org/grunt-bump
193 verbose request uri https://registry.npmjs.org/grunt-contrib-concat
194 verbose request no auth needed
195 info attempt registry request try #1 at 8:50:34 PM
196 http request GET https://registry.npmjs.org/grunt-contrib-concat
197 verbose request uri https://registry.npmjs.org/grunt-contrib-connect
198 verbose request no auth needed
199 info attempt registry request try #1 at 8:50:34 PM
200 http request GET https://registry.npmjs.org/grunt-contrib-connect
201 verbose request uri https://registry.npmjs.org/grunt-contrib-jshint
202 verbose request no auth needed
203 info attempt registry request try #1 at 8:50:34 PM
204 http request GET https://registry.npmjs.org/grunt-contrib-jshint
205 verbose request uri https://registry.npmjs.org/grunt-contrib-uglify
206 verbose request no auth needed
207 info attempt registry request try #1 at 8:50:34 PM
208 http request GET https://registry.npmjs.org/grunt-contrib-uglify
209 verbose request uri https://registry.npmjs.org/grunt-contrib-watch
210 verbose request no auth needed
211 info attempt registry request try #1 at 8:50:34 PM
212 http request GET https://registry.npmjs.org/grunt-contrib-watch
213 verbose request uri https://registry.npmjs.org/grunt-jscs
214 verbose request no auth needed
215 info attempt registry request try #1 at 8:50:34 PM
216 http request GET https://registry.npmjs.org/grunt-jscs
217 verbose makeDirectory C:\Users\bong717\AppData\Roaming\npm-cache\_git-remotes creation not in flight; initializing
218 verbose makeCacheDir UID & GID are irrelevant on win32
219 error git clone --template=C:\Users\bong717\AppData\Roaming\npm-cache\_git-remotes\_templates --mirror git://github.com/rubenv/open-sauce-browsers.git C:\Users\bong717\AppData\Roaming\npm-cache\_git-remotes\git-github-com-rubenv-open-sauce-browsers-git-d9bd7208: undefined
219 error git clone --template=C:\Users\bong717\AppData\Roaming\npm-cache\_git-remotes\_templates --mirror git://github.com/rubenv/open-sauce-browsers.git C:\Users\bong717\AppData\Roaming\npm-cache\_git-remotes\git-github-com-rubenv-open-sauce-browsers-git-d9bd7208: undefined
220 http 200 https://registry.npmjs.org/grunt-ng-annotate
221 verbose headers { server: 'CouchDB/1.5.0 (Erlang OTP/R16B03)',
221 verbose headers   etag: '"8BIO15ER0WBEWX0J31R2CEHJF"',
221 verbose headers   'content-type': 'application/json',
221 verbose headers   'content-encoding': 'gzip',
221 verbose headers   'cache-control': 'max-age=300',
221 verbose headers   'content-length': '7735',
221 verbose headers   'accept-ranges': 'bytes',
221 verbose headers   date: 'Sun, 08 May 2016 12:50:33 GMT',
221 verbose headers   via: '1.1 varnish',
221 verbose headers   age: '0',
221 verbose headers   connection: 'keep-alive',
221 verbose headers   'x-served-by': 'cache-hkg6826-HKG',
221 verbose headers   'x-cache': 'MISS',
221 verbose headers   'x-cache-hits': '0',
221 verbose headers   'x-timer': 'S1462711833.316320,VS0,VE676',
221 verbose headers   vary: 'Accept-Encoding' }
222 silly get cb [ 200,
222 silly get   { server: 'CouchDB/1.5.0 (Erlang OTP/R16B03)',
222 silly get     etag: '"8BIO15ER0WBEWX0J31R2CEHJF"',
222 silly get     'content-type': 'application/json',
222 silly get     'content-encoding': 'gzip',
222 silly get     'cache-control': 'max-age=300',
222 silly get     'content-length': '7735',
222 silly get     'accept-ranges': 'bytes',
222 silly get     date: 'Sun, 08 May 2016 12:50:33 GMT',
222 silly get     via: '1.1 varnish',
222 silly get     age: '0',
222 silly get     connection: 'keep-alive',
222 silly get     'x-served-by': 'cache-hkg6826-HKG',
222 silly get     'x-cache': 'MISS',
222 silly get     'x-cache-hits': '0',
222 silly get     'x-timer': 'S1462711833.316320,VS0,VE676',
222 silly get     vary: 'Accept-Encoding' } ]
223 verbose get saving grunt-ng-annotate to C:\Users\bong717\AppData\Roaming\npm-cache\registry.npmjs.org\grunt-ng-annotate\.cache.json
224 verbose correctMkdir C:\Users\bong717\AppData\Roaming\npm-cache correctMkdir not in flight; initializing
225 silly addNameRange number 2 { name: 'grunt-ng-annotate',
225 silly addNameRange   range: '>=0.3.2 <0.4.0',
225 silly addNameRange   hasData: true }
226 silly addNameRange versions [ 'grunt-ng-annotate',
226 silly addNameRange   [ '0.0.1',
226 silly addNameRange     '0.0.2',
226 silly addNameRange     '0.0.4',
226 silly addNameRange     '0.0.5',
226 silly addNameRange     '0.0.6',
226 silly addNameRange     '0.0.7',
226 silly addNameRange     '0.0.8',
226 silly addNameRange     '0.1.0',
226 silly addNameRange     '0.2.0',
226 silly addNameRange     '0.2.1',
226 silly addNameRange     '0.2.2',
226 silly addNameRange     '0.2.3',
226 silly addNameRange     '0.3.0',
226 silly addNameRange     '0.3.1',
226 silly addNameRange     '0.3.2',
226 silly addNameRange     '0.4.0',
226 silly addNameRange     '0.5.0',
226 silly addNameRange     '0.6.0',
226 silly addNameRange     '0.7.0',
226 silly addNameRange     '0.8.0',
226 silly addNameRange     '0.9.0',
226 silly addNameRange     '0.9.1',
226 silly addNameRange     '0.9.2',
226 silly addNameRange     '0.10.0',
226 silly addNameRange     '1.0.0',
226 silly addNameRange     '1.0.1',
226 silly addNameRange     '2.0.0',
226 silly addNameRange     '2.0.1',
226 silly addNameRange     '2.0.2' ] ]
227 silly addNamed grunt-ng-annotate@0.3.2
228 verbose addNamed "0.3.2" is a plain semver version for grunt-ng-annotate
229 silly mapToRegistry name grunt-ng-annotate
230 silly mapToRegistry using default registry
231 silly mapToRegistry registry https://registry.npmjs.org/
232 silly mapToRegistry data Result {
232 silly mapToRegistry   raw: 'grunt-ng-annotate',
232 silly mapToRegistry   scope: null,
232 silly mapToRegistry   name: 'grunt-ng-annotate',
232 silly mapToRegistry   rawSpec: '',
232 silly mapToRegistry   spec: 'latest',
232 silly mapToRegistry   type: 'tag' }
233 silly mapToRegistry uri https://registry.npmjs.org/grunt-ng-annotate
234 verbose addRemoteTarball https://registry.npmjs.org/grunt-ng-annotate/-/grunt-ng-annotate-0.3.2.tgz not in flight; adding
235 verbose addRemoteTarball [ 'https://registry.npmjs.org/grunt-ng-annotate/-/grunt-ng-annotate-0.3.2.tgz',
235 verbose addRemoteTarball   '86bc0a9ebd92716a79ede1a386ad1b2b45a17df3' ]
236 info retry fetch attempt 1 at 8:50:35 PM
237 info attempt registry request try #1 at 8:50:35 PM
238 http fetch GET https://registry.npmjs.org/grunt-ng-annotate/-/grunt-ng-annotate-0.3.2.tgz
239 http 200 https://registry.npmjs.org/grunt-contrib-connect
240 verbose headers { server: 'CouchDB/1.5.0 (Erlang OTP/R16B03)',
240 verbose headers   etag: '"9AHNY88DXYIJSHRYE83GOWD4N"',
240 verbose headers   'content-type': 'application/json',
240 verbose headers   'content-encoding': 'gzip',
240 verbose headers   'cache-control': 'max-age=300',
240 verbose headers   'content-length': '11866',
240 verbose headers   'accept-ranges': 'bytes',
240 verbose headers   date: 'Sun, 08 May 2016 12:50:34 GMT',
240 verbose headers   via: '1.1 varnish',
240 verbose headers   age: '0',
240 verbose headers   connection: 'keep-alive',
240 verbose headers   'x-served-by': 'cache-hkg6820-HKG',
240 verbose headers   'x-cache': 'HIT',
240 verbose headers   'x-cache-hits': '1',
240 verbose headers   'x-timer': 'S1462711833.334002,VS0,VE980',
240 verbose headers   vary: 'Accept-Encoding' }
241 silly get cb [ 200,
241 silly get   { server: 'CouchDB/1.5.0 (Erlang OTP/R16B03)',
241 silly get     etag: '"9AHNY88DXYIJSHRYE83GOWD4N"',
241 silly get     'content-type': 'application/json',
241 silly get     'content-encoding': 'gzip',
241 silly get     'cache-control': 'max-age=300',
241 silly get     'content-length': '11866',
241 silly get     'accept-ranges': 'bytes',
241 silly get     date: 'Sun, 08 May 2016 12:50:34 GMT',
241 silly get     via: '1.1 varnish',
241 silly get     age: '0',
241 silly get     connection: 'keep-alive',
241 silly get     'x-served-by': 'cache-hkg6820-HKG',
241 silly get     'x-cache': 'HIT',
241 silly get     'x-cache-hits': '1',
241 silly get     'x-timer': 'S1462711833.334002,VS0,VE980',
241 silly get     vary: 'Accept-Encoding' } ]
242 verbose get saving grunt-contrib-connect to C:\Users\bong717\AppData\Roaming\npm-cache\registry.npmjs.org\grunt-contrib-connect\.cache.json
243 verbose correctMkdir C:\Users\bong717\AppData\Roaming\npm-cache correctMkdir not in flight; initializing
244 http 200 https://registry.npmjs.org/protractor
245 verbose headers { server: 'CouchDB/1.5.0 (Erlang OTP/R16B03)',
245 verbose headers   etag: '"93YSVVM1FAH89MLGRQNW7X4ZE"',
245 verbose headers   'content-type': 'application/json',
245 verbose headers   'content-encoding': 'gzip',
245 verbose headers   'cache-control': 'max-age=300',
245 verbose headers   'content-length': '12697',
245 verbose headers   'accept-ranges': 'bytes',
245 verbose headers   date: 'Sun, 08 May 2016 12:50:34 GMT',
245 verbose headers   via: '1.1 varnish',
245 verbose headers   age: '0',
245 verbose headers   connection: 'keep-alive',
245 verbose headers   'x-served-by': 'cache-hkg6824-HKG',
245 verbose headers   'x-cache': 'MISS',
245 verbose headers   'x-cache-hits': '0',
245 verbose headers   'x-timer': 'S1462711833.319654,VS0,VE1031',
245 verbose headers   vary: 'Accept-Encoding' }
246 silly get cb [ 200,
246 silly get   { server: 'CouchDB/1.5.0 (Erlang OTP/R16B03)',
246 silly get     etag: '"93YSVVM1FAH89MLGRQNW7X4ZE"',
246 silly get     'content-type': 'application/json',
246 silly get     'content-encoding': 'gzip',
246 silly get     'cache-control': 'max-age=300',
246 silly get     'content-length': '12697',
246 silly get     'accept-ranges': 'bytes',
246 silly get     date: 'Sun, 08 May 2016 12:50:34 GMT',
246 silly get     via: '1.1 varnish',
246 silly get     age: '0',
246 silly get     connection: 'keep-alive',
246 silly get     'x-served-by': 'cache-hkg6824-HKG',
246 silly get     'x-cache': 'MISS',
246 silly get     'x-cache-hits': '0',
246 silly get     'x-timer': 'S1462711833.319654,VS0,VE1031',
246 silly get     vary: 'Accept-Encoding' } ]
247 verbose get saving protractor to C:\Users\bong717\AppData\Roaming\npm-cache\registry.npmjs.org\protractor\.cache.json
248 verbose correctMkdir C:\Users\bong717\AppData\Roaming\npm-cache correctMkdir not in flight; initializing
249 silly addNameRange number 2 { name: 'grunt-contrib-connect',
249 silly addNameRange   range: '>=0.7.1 <0.8.0',
249 silly addNameRange   hasData: true }
250 silly addNameRange versions [ 'grunt-contrib-connect',
250 silly addNameRange   [ '0.1.0',
250 silly addNameRange     '0.1.1',
250 silly addNameRange     '0.1.2',
250 silly addNameRange     '0.2.0',
250 silly addNameRange     '0.3.0',
250 silly addNameRange     '0.4.0',
250 silly addNameRange     '0.4.1',
250 silly addNameRange     '0.4.2',
250 silly addNameRange     '0.5.0',
250 silly addNameRange     '0.6.0',
250 silly addNameRange     '0.7.0',
250 silly addNameRange     '0.7.1',
250 silly addNameRange     '0.8.0',
250 silly addNameRange     '0.9.0',
250 silly addNameRange     '0.10.0',
250 silly addNameRange     '0.10.1',
250 silly addNameRange     '0.11.0',
250 silly addNameRange     '0.11.1',
250 silly addNameRange     '0.11.2',
250 silly addNameRange     '1.0.0',
250 silly addNameRange     '1.0.1',
250 silly addNameRange     '1.0.2',
250 silly addNameRange     '0.1.1-rc6' ] ]
251 silly addNamed grunt-contrib-connect@0.7.1
252 verbose addNamed "0.7.1" is a plain semver version for grunt-contrib-connect
253 silly addNameRange number 2 { name: 'protractor', range: '>=1.2.0 <1.3.0', hasData: true }
254 silly addNameRange versions [ 'protractor',
254 silly addNameRange   [ '0.1.0',
254 silly addNameRange     '0.1.1',
254 silly addNameRange     '0.1.2',
254 silly addNameRange     '0.1.3',
254 silly addNameRange     '0.2.0',
254 silly addNameRange     '0.2.1',
254 silly addNameRange     '0.3.0',
254 silly addNameRange     '0.4.0',
254 silly addNameRange     '0.4.1',
254 silly addNameRange     '0.5.0',
254 silly addNameRange     '0.6.1',
254 silly addNameRange     '0.7.0',
254 silly addNameRange     '0.8.0',
254 silly addNameRange     '0.9.0',
254 silly addNameRange     '0.10.0',
254 silly addNameRange     '0.11.0',
254 silly addNameRange     '0.12.0',
254 silly addNameRange     '0.12.1',
254 silly addNameRange     '0.13.0',
254 silly addNameRange     '0.14.0',
254 silly addNameRange     '0.15.0',
254 silly addNameRange     '0.16.0',
254 silly addNameRange     '0.16.1',
254 silly addNameRange     '0.17.0',
254 silly addNameRange     '0.18.0',
254 silly addNameRange     '0.18.1',
254 silly addNameRange     '0.19.0',
254 silly addNameRange     '0.20.0',
254 silly addNameRange     '0.20.1',
254 silly addNameRange     '0.21.0',
254 silly addNameRange     '0.22.0',
254 silly addNameRange     '0.23.0',
254 silly addNameRange     '0.23.1',
254 silly addNameRange     '0.24.0',
254 silly addNameRange     '0.24.1',
254 silly addNameRange     '0.24.2',
254 silly addNameRange     '1.0.0-rc1',
254 silly addNameRange     '1.0.0-rc2',
254 silly addNameRange     '1.0.0-rc3',
254 silly addNameRange     '1.0.0-rc4',
254 silly addNameRange     '1.0.0-rc5',
254 silly addNameRange     '1.0.0-rc6',
254 silly addNameRange     '1.0.0',
254 silly addNameRange     '1.1.0',
254 silly addNameRange     '1.1.1',
254 silly addNameRange     '1.2.0-beta1',
254 silly addNameRange     '1.2.0',
254 silly addNameRange     '1.3.0',
254 silly addNameRange     '1.3.1',
254 silly addNameRange     '1.4.0',
254 silly addNameRange     '1.5.0',
254 silly addNameRange     '1.6.0',
254 silly addNameRange     '1.6.1',
254 silly addNameRange     '1.7.0',
254 silly addNameRange     '1.8.0',
254 silly addNameRange     '2.0.0',
254 silly addNameRange     '2.1.0',
254 silly addNameRange     '2.2.0',
254 silly addNameRange     '2.3.0',
254 silly addNameRange     '2.4.0',
254 silly addNameRange     '2.5.0',
254 silly addNameRange     '2.5.1',
254 silly addNameRange     '3.0.0',
254 silly addNameRange     '3.1.0',
254 silly addNameRange     '3.1.1',
254 silly addNameRange     '3.2.0',
254 silly addNameRange     '3.2.1',
254 silly addNameRange     '3.2.2',
254 silly addNameRange     '0.0.0',
254 silly addNameRange     '3.3.0' ] ]
255 silly addNamed protractor@1.2.0
256 verbose addNamed "1.2.0" is a plain semver version for protractor
257 silly mapToRegistry name grunt-contrib-connect
258 silly mapToRegistry using default registry
259 silly mapToRegistry registry https://registry.npmjs.org/
260 silly mapToRegistry data Result {
260 silly mapToRegistry   raw: 'grunt-contrib-connect',
260 silly mapToRegistry   scope: null,
260 silly mapToRegistry   name: 'grunt-contrib-connect',
260 silly mapToRegistry   rawSpec: '',
260 silly mapToRegistry   spec: 'latest',
260 silly mapToRegistry   type: 'tag' }
261 silly mapToRegistry uri https://registry.npmjs.org/grunt-contrib-connect
262 verbose addRemoteTarball https://registry.npmjs.org/grunt-contrib-connect/-/grunt-contrib-connect-0.7.1.tgz not in flight; adding
263 verbose addRemoteTarball [ 'https://registry.npmjs.org/grunt-contrib-connect/-/grunt-contrib-connect-0.7.1.tgz',
263 verbose addRemoteTarball   'cad8de445a8105b34912d1c20238cce98dc13ebe' ]
264 http 200 https://registry.npmjs.org/grunt-contrib-uglify
265 verbose headers { server: 'CouchDB/1.5.0 (Erlang OTP/R16B03)',
265 verbose headers   etag: '"EN8T18QR8YRU6Y03VDV11HV10"',
265 verbose headers   'content-type': 'application/json',
265 verbose headers   'cache-control': 'max-age=300',
265 verbose headers   'content-length': '81809',
265 verbose headers   'accept-ranges': 'bytes',
265 verbose headers   date: 'Sun, 08 May 2016 12:50:34 GMT',
265 verbose headers   via: '1.1 varnish',
265 verbose headers   age: '0',
265 verbose headers   connection: 'keep-alive',
265 verbose headers   'x-served-by': 'cache-hkg6827-HKG',
265 verbose headers   'x-cache': 'HIT',
265 verbose headers   'x-cache-hits': '1',
265 verbose headers   'x-timer': 'S1462711833.335854,VS0,VE675',
265 verbose headers   vary: 'Accept-Encoding' }
266 silly get cb [ 200,
266 silly get   { server: 'CouchDB/1.5.0 (Erlang OTP/R16B03)',
266 silly get     etag: '"EN8T18QR8YRU6Y03VDV11HV10"',
266 silly get     'content-type': 'application/json',
266 silly get     'cache-control': 'max-age=300',
266 silly get     'content-length': '81809',
266 silly get     'accept-ranges': 'bytes',
266 silly get     date: 'Sun, 08 May 2016 12:50:34 GMT',
266 silly get     via: '1.1 varnish',
266 silly get     age: '0',
266 silly get     connection: 'keep-alive',
266 silly get     'x-served-by': 'cache-hkg6827-HKG',
266 silly get     'x-cache': 'HIT',
266 silly get     'x-cache-hits': '1',
266 silly get     'x-timer': 'S1462711833.335854,VS0,VE675',
266 silly get     vary: 'Accept-Encoding' } ]
267 verbose get saving grunt-contrib-uglify to C:\Users\bong717\AppData\Roaming\npm-cache\registry.npmjs.org\grunt-contrib-uglify\.cache.json
268 verbose correctMkdir C:\Users\bong717\AppData\Roaming\npm-cache correctMkdir not in flight; initializing
269 http 200 https://registry.npmjs.org/grunt-sauce-tunnel
270 verbose headers { server: 'CouchDB/1.5.0 (Erlang OTP/R16B03)',
270 verbose headers   etag: '"3FLADXJZYNK8NKVCZNMMVSMIW"',
270 verbose headers   'content-type': 'application/json',
270 verbose headers   'cache-control': 'max-age=300',
270 verbose headers   'content-length': '7744',
270 verbose headers   'accept-ranges': 'bytes',
270 verbose headers   date: 'Sun, 08 May 2016 12:50:34 GMT',
270 verbose headers   via: '1.1 varnish',
270 verbose headers   age: '0',
270 verbose headers   connection: 'keep-alive',
270 verbose headers   'x-served-by': 'cache-hkg6825-HKG',
270 verbose headers   'x-cache': 'MISS',
270 verbose headers   'x-cache-hits': '0',
270 verbose headers   'x-timer': 'S1462711833.302329,VS0,VE1061',
270 verbose headers   vary: 'Accept-Encoding' }
271 silly get cb [ 200,
271 silly get   { server: 'CouchDB/1.5.0 (Erlang OTP/R16B03)',
271 silly get     etag: '"3FLADXJZYNK8NKVCZNMMVSMIW"',
271 silly get     'content-type': 'application/json',
271 silly get     'cache-control': 'max-age=300',
271 silly get     'content-length': '7744',
271 silly get     'accept-ranges': 'bytes',
271 silly get     date: 'Sun, 08 May 2016 12:50:34 GMT',
271 silly get     via: '1.1 varnish',
271 silly get     age: '0',
271 silly get     connection: 'keep-alive',
271 silly get     'x-served-by': 'cache-hkg6825-HKG',
271 silly get     'x-cache': 'MISS',
271 silly get     'x-cache-hits': '0',
271 silly get     'x-timer': 'S1462711833.302329,VS0,VE1061',
271 silly get     vary: 'Accept-Encoding' } ]
272 verbose get saving grunt-sauce-tunnel to C:\Users\bong717\AppData\Roaming\npm-cache\registry.npmjs.org\grunt-sauce-tunnel\.cache.json
273 verbose correctMkdir C:\Users\bong717\AppData\Roaming\npm-cache correctMkdir not in flight; initializing
274 silly mapToRegistry name protractor
275 silly mapToRegistry using default registry
276 silly mapToRegistry registry https://registry.npmjs.org/
277 silly mapToRegistry data Result {
277 silly mapToRegistry   raw: 'protractor',
277 silly mapToRegistry   scope: null,
277 silly mapToRegistry   name: 'protractor',
277 silly mapToRegistry   rawSpec: '',
277 silly mapToRegistry   spec: 'latest',
277 silly mapToRegistry   type: 'tag' }
278 silly mapToRegistry uri https://registry.npmjs.org/protractor
279 verbose addRemoteTarball https://registry.npmjs.org/protractor/-/protractor-1.2.0.tgz not in flight; adding
280 verbose addRemoteTarball [ 'https://registry.npmjs.org/protractor/-/protractor-1.2.0.tgz',
280 verbose addRemoteTarball   'b55f538cefc8a9a41e7253d69962f03fb3140259' ]
281 info retry fetch attempt 1 at 8:50:36 PM
282 info attempt registry request try #1 at 8:50:36 PM
283 http fetch GET https://registry.npmjs.org/grunt-contrib-connect/-/grunt-contrib-connect-0.7.1.tgz
284 info retry fetch attempt 1 at 8:50:36 PM
285 info attempt registry request try #1 at 8:50:36 PM
286 http fetch GET https://registry.npmjs.org/protractor/-/protractor-1.2.0.tgz
287 silly addNameRange number 2 { name: 'grunt-contrib-uglify',
287 silly addNameRange   range: '>=0.2.2 <0.3.0',
287 silly addNameRange   hasData: true }
288 silly addNameRange versions [ 'grunt-contrib-uglify',
288 silly addNameRange   [ '0.1.0',
288 silly addNameRange     '0.1.1',
288 silly addNameRange     '0.1.2',
288 silly addNameRange     '0.2.0',
288 silly addNameRange     '0.2.1',
288 silly addNameRange     '0.2.2',
288 silly addNameRange     '0.2.3',
288 silly addNameRange     '0.2.4',
288 silly addNameRange     '0.2.5',
288 silly addNameRange     '0.2.6',
288 silly addNameRange     '0.2.7',
288 silly addNameRange     '0.3.0',
288 silly addNameRange     '0.3.1',
288 silly addNameRange     '0.1.1-rc5',
288 silly addNameRange     '0.1.1-rc6',
288 silly addNameRange     '0.3.2',
288 silly addNameRange     '0.3.3',
288 silly addNameRange     '0.4.0',
288 silly addNameRange     '0.5.0',
288 silly addNameRange     '0.4.1',
288 silly addNameRange     '0.5.1',
288 silly addNameRange     '0.6.0',
288 silly addNameRange     '0.7.0',
288 silly addNameRange     '0.8.0',
288 silly addNameRange     '0.8.1',
288 silly addNameRange     '0.9.0',
288 silly addNameRange     '0.9.1',
288 silly addNameRange     '0.9.2',
288 silly addNameRange     '0.10.0',
288 silly addNameRange     '0.10.1',
288 silly addNameRange     '0.11.0',
288 silly addNameRange     '0.11.1',
288 silly addNameRange     '1.0.0',
288 silly addNameRange     '1.0.1' ] ]
289 silly addNamed grunt-contrib-uglify@0.2.7
290 verbose addNamed "0.2.7" is a plain semver version for grunt-contrib-uglify
291 silly mapToRegistry name grunt-contrib-uglify
292 silly mapToRegistry using default registry
293 silly mapToRegistry registry https://registry.npmjs.org/
294 silly mapToRegistry data Result {
294 silly mapToRegistry   raw: 'grunt-contrib-uglify',
294 silly mapToRegistry   scope: null,
294 silly mapToRegistry   name: 'grunt-contrib-uglify',
294 silly mapToRegistry   rawSpec: '',
294 silly mapToRegistry   spec: 'latest',
294 silly mapToRegistry   type: 'tag' }
295 silly mapToRegistry uri https://registry.npmjs.org/grunt-contrib-uglify
296 verbose addRemoteTarball https://registry.npmjs.org/grunt-contrib-uglify/-/grunt-contrib-uglify-0.2.7.tgz not in flight; adding
297 verbose addRemoteTarball [ 'https://registry.npmjs.org/grunt-contrib-uglify/-/grunt-contrib-uglify-0.2.7.tgz',
297 verbose addRemoteTarball   'e6bda51e0c40a1459f6cead423c65efd725a1bf7' ]
298 info retry fetch attempt 1 at 8:50:36 PM
299 info attempt registry request try #1 at 8:50:36 PM
300 http fetch GET https://registry.npmjs.org/grunt-contrib-uglify/-/grunt-contrib-uglify-0.2.7.tgz
301 silly addNameRange number 2 { name: 'grunt-sauce-tunnel',
301 silly addNameRange   range: '>=0.2.0 <0.3.0',
301 silly addNameRange   hasData: true }
302 silly addNameRange versions [ 'grunt-sauce-tunnel', [ '0.1.0', '0.2.0', '0.2.1' ] ]
303 silly addNamed grunt-sauce-tunnel@0.2.1
304 verbose addNamed "0.2.1" is a plain semver version for grunt-sauce-tunnel
305 silly mapToRegistry name grunt-sauce-tunnel
306 silly mapToRegistry using default registry
307 silly mapToRegistry registry https://registry.npmjs.org/
308 silly mapToRegistry data Result {
308 silly mapToRegistry   raw: 'grunt-sauce-tunnel',
308 silly mapToRegistry   scope: null,
308 silly mapToRegistry   name: 'grunt-sauce-tunnel',
308 silly mapToRegistry   rawSpec: '',
308 silly mapToRegistry   spec: 'latest',
308 silly mapToRegistry   type: 'tag' }
309 silly mapToRegistry uri https://registry.npmjs.org/grunt-sauce-tunnel
310 verbose addRemoteTarball https://registry.npmjs.org/grunt-sauce-tunnel/-/grunt-sauce-tunnel-0.2.1.tgz not in flight; adding
311 verbose addRemoteTarball [ 'https://registry.npmjs.org/grunt-sauce-tunnel/-/grunt-sauce-tunnel-0.2.1.tgz',
311 verbose addRemoteTarball   '7fd2297006c8849df192e18073576ecbc55fd19a' ]
312 info retry fetch attempt 1 at 8:50:36 PM
313 info attempt registry request try #1 at 8:50:36 PM
314 http fetch GET https://registry.npmjs.org/grunt-sauce-tunnel/-/grunt-sauce-tunnel-0.2.1.tgz
315 http 200 https://registry.npmjs.org/grunt-contrib-jshint
316 verbose headers { server: 'CouchDB/1.5.0 (Erlang OTP/R16B03)',
316 verbose headers   etag: '"2W09AMMF4Q4SB07XMWXOXYXYN"',
316 verbose headers   'content-type': 'application/json',
316 verbose headers   'cache-control': 'max-age=300',
316 verbose headers   'content-length': '66881',
316 verbose headers   'accept-ranges': 'bytes',
316 verbose headers   date: 'Sun, 08 May 2016 12:50:34 GMT',
316 verbose headers   via: '1.1 varnish',
316 verbose headers   age: '0',
316 verbose headers   connection: 'keep-alive',
316 verbose headers   'x-served-by': 'cache-hkg6826-HKG',
316 verbose headers   'x-cache': 'MISS',
316 verbose headers   'x-cache-hits': '0',
316 verbose headers   'x-timer': 'S1462711833.340410,VS0,VE691',
316 verbose headers   vary: 'Accept-Encoding' }
317 silly get cb [ 200,
317 silly get   { server: 'CouchDB/1.5.0 (Erlang OTP/R16B03)',
317 silly get     etag: '"2W09AMMF4Q4SB07XMWXOXYXYN"',
317 silly get     'content-type': 'application/json',
317 silly get     'cache-control': 'max-age=300',
317 silly get     'content-length': '66881',
317 silly get     'accept-ranges': 'bytes',
317 silly get     date: 'Sun, 08 May 2016 12:50:34 GMT',
317 silly get     via: '1.1 varnish',
317 silly get     age: '0',
317 silly get     connection: 'keep-alive',
317 silly get     'x-served-by': 'cache-hkg6826-HKG',
317 silly get     'x-cache': 'MISS',
317 silly get     'x-cache-hits': '0',
317 silly get     'x-timer': 'S1462711833.340410,VS0,VE691',
317 silly get     vary: 'Accept-Encoding' } ]
318 verbose get saving grunt-contrib-jshint to C:\Users\bong717\AppData\Roaming\npm-cache\registry.npmjs.org\grunt-contrib-jshint\.cache.json
319 verbose correctMkdir C:\Users\bong717\AppData\Roaming\npm-cache correctMkdir not in flight; initializing
320 silly addNameRange number 2 { name: 'grunt-contrib-jshint',
320 silly addNameRange   range: '>=0.10.0 <0.11.0',
320 silly addNameRange   hasData: true }
321 silly addNameRange versions [ 'grunt-contrib-jshint',
321 silly addNameRange   [ '0.1.0',
321 silly addNameRange     '0.1.1',
321 silly addNameRange     '0.2.0',
321 silly addNameRange     '0.3.0',
321 silly addNameRange     '0.4.0',
321 silly addNameRange     '0.4.1',
321 silly addNameRange     '0.4.2',
321 silly addNameRange     '0.4.3',
321 silly addNameRange     '0.5.0',
321 silly addNameRange     '0.5.1',
321 silly addNameRange     '0.5.2',
321 silly addNameRange     '0.5.3',
321 silly addNameRange     '0.5.4',
321 silly addNameRange     '0.6.0',
321 silly addNameRange     '0.6.1',
321 silly addNameRange     '0.6.2',
321 silly addNameRange     '0.6.3',
321 silly addNameRange     '0.6.4',
321 silly addNameRange     '0.6.5',
321 silly addNameRange     '0.7.0',
321 silly addNameRange     '0.7.1',
321 silly addNameRange     '0.7.2',
321 silly addNameRange     '0.8.0',
321 silly addNameRange     '0.9.0',
321 silly addNameRange     '0.9.1',
321 silly addNameRange     '0.9.2',
321 silly addNameRange     '0.10.0',
321 silly addNameRange     '0.11.0',
321 silly addNameRange     '0.11.1',
321 silly addNameRange     '0.11.2',
321 silly addNameRange     '0.11.3',
321 silly addNameRange     '0.12.0',
321 silly addNameRange     '1.0.0',
321 silly addNameRange     '0.1.1-rc5',
321 silly addNameRange     '0.1.1-rc6' ] ]
322 silly addNamed grunt-contrib-jshint@0.10.0
323 verbose addNamed "0.10.0" is a plain semver version for grunt-contrib-jshint
324 silly mapToRegistry name grunt-contrib-jshint
325 silly mapToRegistry using default registry
326 silly mapToRegistry registry https://registry.npmjs.org/
327 silly mapToRegistry data Result {
327 silly mapToRegistry   raw: 'grunt-contrib-jshint',
327 silly mapToRegistry   scope: null,
327 silly mapToRegistry   name: 'grunt-contrib-jshint',
327 silly mapToRegistry   rawSpec: '',
327 silly mapToRegistry   spec: 'latest',
327 silly mapToRegistry   type: 'tag' }
328 silly mapToRegistry uri https://registry.npmjs.org/grunt-contrib-jshint
329 verbose addRemoteTarball https://registry.npmjs.org/grunt-contrib-jshint/-/grunt-contrib-jshint-0.10.0.tgz not in flight; adding
330 verbose addRemoteTarball [ 'https://registry.npmjs.org/grunt-contrib-jshint/-/grunt-contrib-jshint-0.10.0.tgz',
330 verbose addRemoteTarball   '57ebccca87e8f327af6645d8a3c586d4845e4d81' ]
331 info retry fetch attempt 1 at 8:50:36 PM
332 info attempt registry request try #1 at 8:50:36 PM
333 http fetch GET https://registry.npmjs.org/grunt-contrib-jshint/-/grunt-contrib-jshint-0.10.0.tgz
334 http 200 https://registry.npmjs.org/grunt-contrib-concat
335 verbose headers { server: 'CouchDB/1.5.0 (Erlang OTP/R16B03)',
335 verbose headers   etag: '"6WHLYRWYMQUP529WJJRYI6JRX"',
335 verbose headers   'content-type': 'application/json',
335 verbose headers   'cache-control': 'max-age=300',
335 verbose headers   'content-length': '35517',
335 verbose headers   'accept-ranges': 'bytes',
335 verbose headers   date: 'Sun, 08 May 2016 12:50:34 GMT',
335 verbose headers   via: '1.1 varnish',
335 verbose headers   age: '0',
335 verbose headers   connection: 'keep-alive',
335 verbose headers   'x-served-by': 'cache-hkg6826-HKG',
335 verbose headers   'x-cache': 'HIT',
335 verbose headers   'x-cache-hits': '1',
335 verbose headers   'x-timer': 'S1462711833.304713,VS0,VE994',
335 verbose headers   vary: 'Accept-Encoding' }
336 silly get cb [ 200,
336 silly get   { server: 'CouchDB/1.5.0 (Erlang OTP/R16B03)',
336 silly get     etag: '"6WHLYRWYMQUP529WJJRYI6JRX"',
336 silly get     'content-type': 'application/json',
336 silly get     'cache-control': 'max-age=300',
336 silly get     'content-length': '35517',
336 silly get     'accept-ranges': 'bytes',
336 silly get     date: 'Sun, 08 May 2016 12:50:34 GMT',
336 silly get     via: '1.1 varnish',
336 silly get     age: '0',
336 silly get     connection: 'keep-alive',
336 silly get     'x-served-by': 'cache-hkg6826-HKG',
336 silly get     'x-cache': 'HIT',
336 silly get     'x-cache-hits': '1',
336 silly get     'x-timer': 'S1462711833.304713,VS0,VE994',
336 silly get     vary: 'Accept-Encoding' } ]
337 verbose get saving grunt-contrib-concat to C:\Users\bong717\AppData\Roaming\npm-cache\registry.npmjs.org\grunt-contrib-concat\.cache.json
338 verbose correctMkdir C:\Users\bong717\AppData\Roaming\npm-cache correctMkdir not in flight; initializing
339 silly addNameRange number 2 { name: 'grunt-contrib-concat',
339 silly addNameRange   range: '>=0.4.0 <0.5.0',
339 silly addNameRange   hasData: true }
340 silly addNameRange versions [ 'grunt-contrib-concat',
340 silly addNameRange   [ '0.1.0',
340 silly addNameRange     '0.1.1',
340 silly addNameRange     '0.1.2',
340 silly addNameRange     '0.1.3',
340 silly addNameRange     '0.2.0',
340 silly addNameRange     '0.3.0',
340 silly addNameRange     '0.4.0',
340 silly addNameRange     '0.5.0',
340 silly addNameRange     '0.5.1',
340 silly addNameRange     '1.0.0',
340 silly addNameRange     '1.0.1',
340 silly addNameRange     '0.1.2-rc5',
340 silly addNameRange     '0.1.2-rc6' ] ]
341 silly addNamed grunt-contrib-concat@0.4.0
342 verbose addNamed "0.4.0" is a plain semver version for grunt-contrib-concat
343 silly mapToRegistry name grunt-contrib-concat
344 silly mapToRegistry using default registry
345 silly mapToRegistry registry https://registry.npmjs.org/
346 silly mapToRegistry data Result {
346 silly mapToRegistry   raw: 'grunt-contrib-concat',
346 silly mapToRegistry   scope: null,
346 silly mapToRegistry   name: 'grunt-contrib-concat',
346 silly mapToRegistry   rawSpec: '',
346 silly mapToRegistry   spec: 'latest',
346 silly mapToRegistry   type: 'tag' }
347 silly mapToRegistry uri https://registry.npmjs.org/grunt-contrib-concat
348 verbose addRemoteTarball https://registry.npmjs.org/grunt-contrib-concat/-/grunt-contrib-concat-0.4.0.tgz not in flight; adding
349 verbose addRemoteTarball [ 'https://registry.npmjs.org/grunt-contrib-concat/-/grunt-contrib-concat-0.4.0.tgz',
349 verbose addRemoteTarball   'b87f7cf153bf64688142f947161156013fbc7c74' ]
350 info retry fetch attempt 1 at 8:50:36 PM
351 info attempt registry request try #1 at 8:50:36 PM
352 http fetch GET https://registry.npmjs.org/grunt-contrib-concat/-/grunt-contrib-concat-0.4.0.tgz
353 http fetch 200 https://registry.npmjs.org/grunt-contrib-uglify/-/grunt-contrib-uglify-0.2.7.tgz
354 silly fetchAndShaCheck shasum e6bda51e0c40a1459f6cead423c65efd725a1bf7
355 verbose addTmpTarball C:\Users\bong717\AppData\Local\Temp\npm-1380-e49984cd\registry.npmjs.org\grunt-contrib-uglify\-\grunt-contrib-uglify-0.2.7.tgz not in flight; adding
356 verbose addTmpTarball already have metadata; skipping unpack for grunt-contrib-uglify@0.2.7
357 verbose correctMkdir C:\Users\bong717\AppData\Roaming\npm-cache correctMkdir not in flight; initializing
358 silly cache afterAdd grunt-contrib-uglify@0.2.7
359 verbose afterAdd C:\Users\bong717\AppData\Roaming\npm-cache\grunt-contrib-uglify\0.2.7\package\package.json not in flight; writing
360 verbose correctMkdir C:\Users\bong717\AppData\Roaming\npm-cache correctMkdir not in flight; initializing
361 verbose afterAdd C:\Users\bong717\AppData\Roaming\npm-cache\grunt-contrib-uglify\0.2.7\package\package.json written
362 http 200 https://registry.npmjs.org/grunt-contrib-watch
363 verbose headers { server: 'CouchDB/1.5.0 (Erlang OTP/R16B03)',
363 verbose headers   etag: '"2YA651G5QX1PDEFE4ATHPQ4IQ"',
363 verbose headers   'content-type': 'application/json',
363 verbose headers   'cache-control': 'max-age=300',
363 verbose headers   'content-length': '64031',
363 verbose headers   'accept-ranges': 'bytes',
363 verbose headers   date: 'Sun, 08 May 2016 12:50:34 GMT',
363 verbose headers   via: '1.1 varnish',
363 verbose headers   age: '0',
363 verbose headers   connection: 'keep-alive',
363 verbose headers   'x-served-by': 'cache-hkg6827-HKG',
363 verbose headers   'x-cache': 'HIT',
363 verbose headers   'x-cache-hits': '1',
363 verbose headers   'x-timer': 'S1462711833.322923,VS0,VE1061',
363 verbose headers   vary: 'Accept-Encoding' }
364 silly get cb [ 200,
364 silly get   { server: 'CouchDB/1.5.0 (Erlang OTP/R16B03)',
364 silly get     etag: '"2YA651G5QX1PDEFE4ATHPQ4IQ"',
364 silly get     'content-type': 'application/json',
364 silly get     'cache-control': 'max-age=300',
364 silly get     'content-length': '64031',
364 silly get     'accept-ranges': 'bytes',
364 silly get     date: 'Sun, 08 May 2016 12:50:34 GMT',
364 silly get     via: '1.1 varnish',
364 silly get     age: '0',
364 silly get     connection: 'keep-alive',
364 silly get     'x-served-by': 'cache-hkg6827-HKG',
364 silly get     'x-cache': 'HIT',
364 silly get     'x-cache-hits': '1',
364 silly get     'x-timer': 'S1462711833.322923,VS0,VE1061',
364 silly get     vary: 'Accept-Encoding' } ]
365 verbose get saving grunt-contrib-watch to C:\Users\bong717\AppData\Roaming\npm-cache\registry.npmjs.org\grunt-contrib-watch\.cache.json
366 verbose correctMkdir C:\Users\bong717\AppData\Roaming\npm-cache correctMkdir not in flight; initializing
367 http 200 https://registry.npmjs.org/grunt-bump
368 verbose headers { server: 'CouchDB/1.5.0 (Erlang OTP/R16B03)',
368 verbose headers   etag: '"BDNGRUJG2LJI323YLM5FLTPW2"',
368 verbose headers   'content-type': 'application/json',
368 verbose headers   'cache-control': 'max-age=300',
368 verbose headers   'content-length': '79709',
368 verbose headers   'accept-ranges': 'bytes',
368 verbose headers   date: 'Sun, 08 May 2016 12:50:34 GMT',
368 verbose headers   via: '1.1 varnish',
368 verbose headers   age: '0',
368 verbose headers   connection: 'keep-alive',
368 verbose headers   'x-served-by': 'cache-hkg6824-HKG',
368 verbose headers   'x-cache': 'MISS',
368 verbose headers   'x-cache-hits': '0',
368 verbose headers   'x-timer': 'S1462711833.323685,VS0,VE1044',
368 verbose headers   vary: 'Accept-Encoding' }
369 silly get cb [ 200,
369 silly get   { server: 'CouchDB/1.5.0 (Erlang OTP/R16B03)',
369 silly get     etag: '"BDNGRUJG2LJI323YLM5FLTPW2"',
369 silly get     'content-type': 'application/json',
369 silly get     'cache-control': 'max-age=300',
369 silly get     'content-length': '79709',
369 silly get     'accept-ranges': 'bytes',
369 silly get     date: 'Sun, 08 May 2016 12:50:34 GMT',
369 silly get     via: '1.1 varnish',
369 silly get     age: '0',
369 silly get     connection: 'keep-alive',
369 silly get     'x-served-by': 'cache-hkg6824-HKG',
369 silly get     'x-cache': 'MISS',
369 silly get     'x-cache-hits': '0',
369 silly get     'x-timer': 'S1462711833.323685,VS0,VE1044',
369 silly get     vary: 'Accept-Encoding' } ]
370 verbose get saving grunt-bump to C:\Users\bong717\AppData\Roaming\npm-cache\registry.npmjs.org\grunt-bump\.cache.json
371 verbose correctMkdir C:\Users\bong717\AppData\Roaming\npm-cache correctMkdir not in flight; initializing
372 silly mapToRegistry name grunt-bump
373 silly mapToRegistry using default registry
374 silly mapToRegistry registry https://registry.npmjs.org/
375 silly mapToRegistry data Result {
375 silly mapToRegistry   raw: 'grunt-bump',
375 silly mapToRegistry   scope: null,
375 silly mapToRegistry   name: 'grunt-bump',
375 silly mapToRegistry   rawSpec: '',
375 silly mapToRegistry   spec: 'latest',
375 silly mapToRegistry   type: 'tag' }
376 silly mapToRegistry uri https://registry.npmjs.org/grunt-bump
377 verbose addRemoteTarball https://registry.npmjs.org/grunt-bump/-/grunt-bump-0.0.13.tgz not in flight; adding
378 verbose addRemoteTarball [ 'https://registry.npmjs.org/grunt-bump/-/grunt-bump-0.0.13.tgz',
378 verbose addRemoteTarball   'b133ba5398c55b7fcd02c00445b65adcb81e494b' ]
379 silly addNameRange number 2 { name: 'grunt-contrib-watch',
379 silly addNameRange   range: '>=0.6.1 <0.7.0',
379 silly addNameRange   hasData: true }
380 silly addNameRange versions [ 'grunt-contrib-watch',
380 silly addNameRange   [ '0.1.0',
380 silly addNameRange     '0.1.1',
380 silly addNameRange     '0.1.2',
380 silly addNameRange     '0.1.3',
380 silly addNameRange     '0.1.4',
380 silly addNameRange     '0.2.0',
380 silly addNameRange     '0.3.0',
380 silly addNameRange     '0.3.1',
380 silly addNameRange     '0.4.0',
380 silly addNameRange     '0.4.1',
380 silly addNameRange     '0.4.2',
380 silly addNameRange     '0.4.3',
380 silly addNameRange     '0.4.4',
380 silly addNameRange     '0.5.0',
380 silly addNameRange     '0.5.1',
380 silly addNameRange     '0.5.2',
380 silly addNameRange     '0.5.3',
380 silly addNameRange     '0.6.0',
380 silly addNameRange     '0.6.1',
380 silly addNameRange     '1.0.0',
380 silly addNameRange     '0.2.0-a',
380 silly addNameRange     '0.2.0-rc5',
380 silly addNameRange     '0.2.0-rc7' ] ]
381 silly addNamed grunt-contrib-watch@0.6.1
382 verbose addNamed "0.6.1" is a plain semver version for grunt-contrib-watch
383 silly mapToRegistry name grunt-contrib-watch
384 silly mapToRegistry using default registry
385 silly mapToRegistry registry https://registry.npmjs.org/
386 silly mapToRegistry data Result {
386 silly mapToRegistry   raw: 'grunt-contrib-watch',
386 silly mapToRegistry   scope: null,
386 silly mapToRegistry   name: 'grunt-contrib-watch',
386 silly mapToRegistry   rawSpec: '',
386 silly mapToRegistry   spec: 'latest',
386 silly mapToRegistry   type: 'tag' }
387 silly mapToRegistry uri https://registry.npmjs.org/grunt-contrib-watch
388 verbose addRemoteTarball https://registry.npmjs.org/grunt-contrib-watch/-/grunt-contrib-watch-0.6.1.tgz not in flight; adding
389 verbose addRemoteTarball [ 'https://registry.npmjs.org/grunt-contrib-watch/-/grunt-contrib-watch-0.6.1.tgz',
389 verbose addRemoteTarball   '64fdcba25a635f5b4da1b6ce6f90da0aeb6e3f15' ]
390 http 200 https://registry.npmjs.org/grunt-jscs
391 verbose headers { server: 'CouchDB/1.5.0 (Erlang OTP/R16B03)',
391 verbose headers   etag: '"DMUA82WV2TSADLPD50L78GFMR"',
391 verbose headers   'content-type': 'application/json',
391 verbose headers   'cache-control': 'max-age=300',
391 verbose headers   'content-length': '42141',
391 verbose headers   'accept-ranges': 'bytes',
391 verbose headers   date: 'Sun, 08 May 2016 12:50:34 GMT',
391 verbose headers   via: '1.1 varnish',
391 verbose headers   age: '0',
391 verbose headers   connection: 'keep-alive',
391 verbose headers   'x-served-by': 'cache-hkg6826-HKG',
391 verbose headers   'x-cache': 'MISS',
391 verbose headers   'x-cache-hits': '0',
391 verbose headers   'x-timer': 'S1462711833.304003,VS0,VE1291',
391 verbose headers   vary: 'Accept-Encoding' }
392 silly get cb [ 200,
392 silly get   { server: 'CouchDB/1.5.0 (Erlang OTP/R16B03)',
392 silly get     etag: '"DMUA82WV2TSADLPD50L78GFMR"',
392 silly get     'content-type': 'application/json',
392 silly get     'cache-control': 'max-age=300',
392 silly get     'content-length': '42141',
392 silly get     'accept-ranges': 'bytes',
392 silly get     date: 'Sun, 08 May 2016 12:50:34 GMT',
392 silly get     via: '1.1 varnish',
392 silly get     age: '0',
392 silly get     connection: 'keep-alive',
392 silly get     'x-served-by': 'cache-hkg6826-HKG',
392 silly get     'x-cache': 'MISS',
392 silly get     'x-cache-hits': '0',
392 silly get     'x-timer': 'S1462711833.304003,VS0,VE1291',
392 silly get     vary: 'Accept-Encoding' } ]
393 verbose get saving grunt-jscs to C:\Users\bong717\AppData\Roaming\npm-cache\registry.npmjs.org\grunt-jscs\.cache.json
394 verbose correctMkdir C:\Users\bong717\AppData\Roaming\npm-cache correctMkdir not in flight; initializing
395 info retry fetch attempt 1 at 8:50:36 PM
396 info attempt registry request try #1 at 8:50:36 PM
397 http fetch GET https://registry.npmjs.org/grunt-bump/-/grunt-bump-0.0.13.tgz
398 info retry fetch attempt 1 at 8:50:36 PM
399 info attempt registry request try #1 at 8:50:36 PM
400 http fetch GET https://registry.npmjs.org/grunt-contrib-watch/-/grunt-contrib-watch-0.6.1.tgz
401 http 200 https://registry.npmjs.org/grunt-shell
402 verbose headers { server: 'CouchDB/1.5.0 (Erlang OTP/R16B03)',
402 verbose headers   etag: '"74OLVGNOJIBYPIDEGOOH6RYGZ"',
402 verbose headers   'content-type': 'application/json',
402 verbose headers   'cache-control': 'max-age=300',
402 verbose headers   'content-length': '33305',
402 verbose headers   'accept-ranges': 'bytes',
402 verbose headers   date: 'Sun, 08 May 2016 12:50:34 GMT',
402 verbose headers   via: '1.1 varnish',
402 verbose headers   age: '0',
402 verbose headers   connection: 'keep-alive',
402 verbose headers   'x-served-by': 'cache-hkg6824-HKG',
402 verbose headers   'x-cache': 'MISS',
402 verbose headers   'x-cache-hits': '0',
402 verbose headers   'x-timer': 'S1462711833.307429,VS0,VE1318',
402 verbose headers   vary: 'Accept-Encoding' }
403 silly get cb [ 200,
403 silly get   { server: 'CouchDB/1.5.0 (Erlang OTP/R16B03)',
403 silly get     etag: '"74OLVGNOJIBYPIDEGOOH6RYGZ"',
403 silly get     'content-type': 'application/json',
403 silly get     'cache-control': 'max-age=300',
403 silly get     'content-length': '33305',
403 silly get     'accept-ranges': 'bytes',
403 silly get     date: 'Sun, 08 May 2016 12:50:34 GMT',
403 silly get     via: '1.1 varnish',
403 silly get     age: '0',
403 silly get     connection: 'keep-alive',
403 silly get     'x-served-by': 'cache-hkg6824-HKG',
403 silly get     'x-cache': 'MISS',
403 silly get     'x-cache-hits': '0',
403 silly get     'x-timer': 'S1462711833.307429,VS0,VE1318',
403 silly get     vary: 'Accept-Encoding' } ]
404 verbose get saving grunt-shell to C:\Users\bong717\AppData\Roaming\npm-cache\registry.npmjs.org\grunt-shell\.cache.json
405 verbose correctMkdir C:\Users\bong717\AppData\Roaming\npm-cache correctMkdir not in flight; initializing
406 silly addNameRange number 2 { name: 'grunt-shell', range: '>=0.6.4 <0.7.0', hasData: true }
407 silly addNameRange versions [ 'grunt-shell',
407 silly addNameRange   [ '0.1.0',
407 silly addNameRange     '0.1.1',
407 silly addNameRange     '0.1.2',
407 silly addNameRange     '0.1.3',
407 silly addNameRange     '0.1.4',
407 silly addNameRange     '0.2.0',
407 silly addNameRange     '0.2.1',
407 silly addNameRange     '0.2.2',
407 silly addNameRange     '0.3.0',
407 silly addNameRange     '0.3.1',
407 silly addNameRange     '0.4.0',
407 silly addNameRange     '0.5.0',
407 silly addNameRange     '0.6.0',
407 silly addNameRange     '0.6.1',
407 silly addNameRange     '0.6.2',
407 silly addNameRange     '0.6.4',
407 silly addNameRange     '0.7.0',
407 silly addNameRange     '1.0.0',
407 silly addNameRange     '1.0.1',
407 silly addNameRange     '1.1.0',
407 silly addNameRange     '1.1.1',
407 silly addNameRange     '1.1.2',
407 silly addNameRange     '1.2.0',
407 silly addNameRange     '1.2.1',
407 silly addNameRange     '1.3.0' ] ]
408 silly addNamed grunt-shell@0.6.4
409 verbose addNamed "0.6.4" is a plain semver version for grunt-shell
410 silly mapToRegistry name grunt-shell
411 silly mapToRegistry using default registry
412 silly mapToRegistry registry https://registry.npmjs.org/
413 silly mapToRegistry data Result {
413 silly mapToRegistry   raw: 'grunt-shell',
413 silly mapToRegistry   scope: null,
413 silly mapToRegistry   name: 'grunt-shell',
413 silly mapToRegistry   rawSpec: '',
413 silly mapToRegistry   spec: 'latest',
413 silly mapToRegistry   type: 'tag' }
414 silly mapToRegistry uri https://registry.npmjs.org/grunt-shell
415 verbose addRemoteTarball https://registry.npmjs.org/grunt-shell/-/grunt-shell-0.6.4.tgz not in flight; adding
416 verbose addRemoteTarball [ 'https://registry.npmjs.org/grunt-shell/-/grunt-shell-0.6.4.tgz',
416 verbose addRemoteTarball   'e4a6d1b92912776fd93a299c5f6cc64e9525365c' ]
417 info retry fetch attempt 1 at 8:50:36 PM
418 info attempt registry request try #1 at 8:50:36 PM
419 http fetch GET https://registry.npmjs.org/grunt-shell/-/grunt-shell-0.6.4.tgz
420 silly addNameRange number 2 { name: 'grunt-jscs', range: '>=0.6.2 <0.7.0', hasData: true }
421 silly addNameRange versions [ 'grunt-jscs',
421 silly addNameRange   [ '0.6.0',
421 silly addNameRange     '0.6.1',
421 silly addNameRange     '0.6.2',
421 silly addNameRange     '0.7.0',
421 silly addNameRange     '0.7.1',
421 silly addNameRange     '0.8.0',
421 silly addNameRange     '0.8.1',
421 silly addNameRange     '1.0.0',
421 silly addNameRange     '1.1.0',
421 silly addNameRange     '1.2.0',
421 silly addNameRange     '1.3.0',
421 silly addNameRange     '1.5.0',
421 silly addNameRange     '1.6.0',
421 silly addNameRange     '1.6.1',
421 silly addNameRange     '1.7.0',
421 silly addNameRange     '1.6.2',
421 silly addNameRange     '1.8.0',
421 silly addNameRange     '2.0.0',
421 silly addNameRange     '2.1.0',
421 silly addNameRange     '2.2.0',
421 silly addNameRange     '2.3.0',
421 silly addNameRange     '2.4.0',
421 silly addNameRange     '2.5.0',
421 silly addNameRange     '2.6.0',
421 silly addNameRange     '2.7.0',
421 silly addNameRange     '2.8.0' ] ]
422 silly addNamed grunt-jscs@0.6.2
423 verbose addNamed "0.6.2" is a plain semver version for grunt-jscs
424 silly mapToRegistry name grunt-jscs
425 silly mapToRegistry using default registry
426 silly mapToRegistry registry https://registry.npmjs.org/
427 silly mapToRegistry data Result {
427 silly mapToRegistry   raw: 'grunt-jscs',
427 silly mapToRegistry   scope: null,
427 silly mapToRegistry   name: 'grunt-jscs',
427 silly mapToRegistry   rawSpec: '',
427 silly mapToRegistry   spec: 'latest',
427 silly mapToRegistry   type: 'tag' }
428 silly mapToRegistry uri https://registry.npmjs.org/grunt-jscs
429 verbose addRemoteTarball https://registry.npmjs.org/grunt-jscs/-/grunt-jscs-0.6.2.tgz not in flight; adding
430 verbose addRemoteTarball [ 'https://registry.npmjs.org/grunt-jscs/-/grunt-jscs-0.6.2.tgz',
430 verbose addRemoteTarball   '0ca814974c2b4cd8a88972d5e36467b1144f7c1f' ]
431 info retry fetch attempt 1 at 8:50:36 PM
432 info attempt registry request try #1 at 8:50:36 PM
433 http fetch GET https://registry.npmjs.org/grunt-jscs/-/grunt-jscs-0.6.2.tgz
434 http fetch 200 https://registry.npmjs.org/grunt-ng-annotate/-/grunt-ng-annotate-0.3.2.tgz
435 silly fetchAndShaCheck shasum 86bc0a9ebd92716a79ede1a386ad1b2b45a17df3
436 verbose addTmpTarball C:\Users\bong717\AppData\Local\Temp\npm-1380-e49984cd\registry.npmjs.org\grunt-ng-annotate\-\grunt-ng-annotate-0.3.2.tgz not in flight; adding
437 verbose addTmpTarball already have metadata; skipping unpack for grunt-ng-annotate@0.3.2
438 verbose correctMkdir C:\Users\bong717\AppData\Roaming\npm-cache correctMkdir not in flight; initializing
439 silly cache afterAdd grunt-ng-annotate@0.3.2
440 verbose afterAdd C:\Users\bong717\AppData\Roaming\npm-cache\grunt-ng-annotate\0.3.2\package\package.json not in flight; writing
441 verbose correctMkdir C:\Users\bong717\AppData\Roaming\npm-cache correctMkdir not in flight; initializing
442 verbose afterAdd C:\Users\bong717\AppData\Roaming\npm-cache\grunt-ng-annotate\0.3.2\package\package.json written
443 http 200 https://registry.npmjs.org/grunt-protractor-runner
444 verbose headers { server: 'CouchDB/1.5.0 (Erlang OTP/R16B03)',
444 verbose headers   etag: '"1L31A3135KFIDJ6G8Z5V4PAN7"',
444 verbose headers   'content-type': 'application/json',
444 verbose headers   'cache-control': 'max-age=300',
444 verbose headers   'content-length': '59781',
444 verbose headers   'accept-ranges': 'bytes',
444 verbose headers   date: 'Sun, 08 May 2016 12:50:34 GMT',
444 verbose headers   via: '1.1 varnish',
444 verbose headers   age: '0',
444 verbose headers   connection: 'keep-alive',
444 verbose headers   'x-served-by': 'cache-hkg6822-HKG',
444 verbose headers   'x-cache': 'MISS',
444 verbose headers   'x-cache-hits': '0',
444 verbose headers   'x-timer': 'S1462711833.325440,VS0,VE1442',
444 verbose headers   vary: 'Accept-Encoding' }
445 silly get cb [ 200,
445 silly get   { server: 'CouchDB/1.5.0 (Erlang OTP/R16B03)',
445 silly get     etag: '"1L31A3135KFIDJ6G8Z5V4PAN7"',
445 silly get     'content-type': 'application/json',
445 silly get     'cache-control': 'max-age=300',
445 silly get     'content-length': '59781',
445 silly get     'accept-ranges': 'bytes',
445 silly get     date: 'Sun, 08 May 2016 12:50:34 GMT',
445 silly get     via: '1.1 varnish',
445 silly get     age: '0',
445 silly get     connection: 'keep-alive',
445 silly get     'x-served-by': 'cache-hkg6822-HKG',
445 silly get     'x-cache': 'MISS',
445 silly get     'x-cache-hits': '0',
445 silly get     'x-timer': 'S1462711833.325440,VS0,VE1442',
445 silly get     vary: 'Accept-Encoding' } ]
446 verbose get saving grunt-protractor-runner to C:\Users\bong717\AppData\Roaming\npm-cache\registry.npmjs.org\grunt-protractor-runner\.cache.json
447 verbose correctMkdir C:\Users\bong717\AppData\Roaming\npm-cache correctMkdir not in flight; initializing
448 silly mapToRegistry name grunt-protractor-runner
449 silly mapToRegistry using default registry
450 silly mapToRegistry registry https://registry.npmjs.org/
451 silly mapToRegistry data Result {
451 silly mapToRegistry   raw: 'grunt-protractor-runner',
451 silly mapToRegistry   scope: null,
451 silly mapToRegistry   name: 'grunt-protractor-runner',
451 silly mapToRegistry   rawSpec: '',
451 silly mapToRegistry   spec: 'latest',
451 silly mapToRegistry   type: 'tag' }
452 silly mapToRegistry uri https://registry.npmjs.org/grunt-protractor-runner
453 verbose addRemoteTarball https://registry.npmjs.org/grunt-protractor-runner/-/grunt-protractor-runner-1.1.4.tgz not in flight; adding
454 verbose addRemoteTarball [ 'https://registry.npmjs.org/grunt-protractor-runner/-/grunt-protractor-runner-1.1.4.tgz',
454 verbose addRemoteTarball   '5c1be2bc4cd77c2b7591fedce07fd7ab824320b6' ]
455 info retry fetch attempt 1 at 8:50:36 PM
456 info attempt registry request try #1 at 8:50:36 PM
457 http fetch GET https://registry.npmjs.org/grunt-protractor-runner/-/grunt-protractor-runner-1.1.4.tgz
458 http fetch 200 https://registry.npmjs.org/grunt-sauce-tunnel/-/grunt-sauce-tunnel-0.2.1.tgz
459 silly fetchAndShaCheck shasum 7fd2297006c8849df192e18073576ecbc55fd19a
460 http fetch 200 https://registry.npmjs.org/grunt-contrib-connect/-/grunt-contrib-connect-0.7.1.tgz
461 verbose addTmpTarball C:\Users\bong717\AppData\Local\Temp\npm-1380-e49984cd\registry.npmjs.org\grunt-sauce-tunnel\-\grunt-sauce-tunnel-0.2.1.tgz not in flight; adding
462 verbose addTmpTarball already have metadata; skipping unpack for grunt-sauce-tunnel@0.2.1
463 verbose correctMkdir C:\Users\bong717\AppData\Roaming\npm-cache correctMkdir not in flight; initializing
464 silly cache afterAdd grunt-sauce-tunnel@0.2.1
465 verbose afterAdd C:\Users\bong717\AppData\Roaming\npm-cache\grunt-sauce-tunnel\0.2.1\package\package.json not in flight; writing
466 verbose correctMkdir C:\Users\bong717\AppData\Roaming\npm-cache correctMkdir not in flight; initializing
467 silly fetchAndShaCheck shasum cad8de445a8105b34912d1c20238cce98dc13ebe
468 verbose addTmpTarball C:\Users\bong717\AppData\Local\Temp\npm-1380-e49984cd\registry.npmjs.org\grunt-contrib-connect\-\grunt-contrib-connect-0.7.1.tgz not in flight; adding
469 verbose addTmpTarball already have metadata; skipping unpack for grunt-contrib-connect@0.7.1
470 verbose correctMkdir C:\Users\bong717\AppData\Roaming\npm-cache correctMkdir not in flight; initializing
471 http fetch 200 https://registry.npmjs.org/grunt-contrib-jshint/-/grunt-contrib-jshint-0.10.0.tgz
472 verbose afterAdd C:\Users\bong717\AppData\Roaming\npm-cache\grunt-sauce-tunnel\0.2.1\package\package.json written
473 silly cache afterAdd grunt-contrib-connect@0.7.1
474 verbose afterAdd C:\Users\bong717\AppData\Roaming\npm-cache\grunt-contrib-connect\0.7.1\package\package.json not in flight; writing
475 verbose correctMkdir C:\Users\bong717\AppData\Roaming\npm-cache correctMkdir not in flight; initializing
476 silly fetchAndShaCheck shasum 57ebccca87e8f327af6645d8a3c586d4845e4d81
477 verbose addTmpTarball C:\Users\bong717\AppData\Local\Temp\npm-1380-e49984cd\registry.npmjs.org\grunt-contrib-jshint\-\grunt-contrib-jshint-0.10.0.tgz not in flight; adding
478 verbose addTmpTarball already have metadata; skipping unpack for grunt-contrib-jshint@0.10.0
479 verbose correctMkdir C:\Users\bong717\AppData\Roaming\npm-cache correctMkdir not in flight; initializing
480 verbose afterAdd C:\Users\bong717\AppData\Roaming\npm-cache\grunt-contrib-connect\0.7.1\package\package.json written
481 silly cache afterAdd grunt-contrib-jshint@0.10.0
482 verbose afterAdd C:\Users\bong717\AppData\Roaming\npm-cache\grunt-contrib-jshint\0.10.0\package\package.json not in flight; writing
483 verbose correctMkdir C:\Users\bong717\AppData\Roaming\npm-cache correctMkdir not in flight; initializing
484 verbose afterAdd C:\Users\bong717\AppData\Roaming\npm-cache\grunt-contrib-jshint\0.10.0\package\package.json written
485 http fetch 200 https://registry.npmjs.org/grunt-contrib-concat/-/grunt-contrib-concat-0.4.0.tgz
486 silly fetchAndShaCheck shasum b87f7cf153bf64688142f947161156013fbc7c74
487 verbose addTmpTarball C:\Users\bong717\AppData\Local\Temp\npm-1380-e49984cd\registry.npmjs.org\grunt-contrib-concat\-\grunt-contrib-concat-0.4.0.tgz not in flight; adding
488 verbose addTmpTarball already have metadata; skipping unpack for grunt-contrib-concat@0.4.0
489 verbose correctMkdir C:\Users\bong717\AppData\Roaming\npm-cache correctMkdir not in flight; initializing
490 silly cache afterAdd grunt-contrib-concat@0.4.0
491 verbose afterAdd C:\Users\bong717\AppData\Roaming\npm-cache\grunt-contrib-concat\0.4.0\package\package.json not in flight; writing
492 verbose correctMkdir C:\Users\bong717\AppData\Roaming\npm-cache correctMkdir not in flight; initializing
493 verbose afterAdd C:\Users\bong717\AppData\Roaming\npm-cache\grunt-contrib-concat\0.4.0\package\package.json written
494 http fetch 200 https://registry.npmjs.org/grunt-bump/-/grunt-bump-0.0.13.tgz
495 silly fetchAndShaCheck shasum b133ba5398c55b7fcd02c00445b65adcb81e494b
496 verbose addTmpTarball C:\Users\bong717\AppData\Local\Temp\npm-1380-e49984cd\registry.npmjs.org\grunt-bump\-\grunt-bump-0.0.13.tgz not in flight; adding
497 verbose addTmpTarball already have metadata; skipping unpack for grunt-bump@0.0.13
498 verbose correctMkdir C:\Users\bong717\AppData\Roaming\npm-cache correctMkdir not in flight; initializing
499 silly cache afterAdd grunt-bump@0.0.13
500 verbose afterAdd C:\Users\bong717\AppData\Roaming\npm-cache\grunt-bump\0.0.13\package\package.json not in flight; writing
501 verbose correctMkdir C:\Users\bong717\AppData\Roaming\npm-cache correctMkdir not in flight; initializing
502 http fetch 200 https://registry.npmjs.org/grunt-contrib-watch/-/grunt-contrib-watch-0.6.1.tgz
503 verbose afterAdd C:\Users\bong717\AppData\Roaming\npm-cache\grunt-bump\0.0.13\package\package.json written
504 silly fetchAndShaCheck shasum 64fdcba25a635f5b4da1b6ce6f90da0aeb6e3f15
505 verbose addTmpTarball C:\Users\bong717\AppData\Local\Temp\npm-1380-e49984cd\registry.npmjs.org\grunt-contrib-watch\-\grunt-contrib-watch-0.6.1.tgz not in flight; adding
506 verbose addTmpTarball already have metadata; skipping unpack for grunt-contrib-watch@0.6.1
507 verbose correctMkdir C:\Users\bong717\AppData\Roaming\npm-cache correctMkdir not in flight; initializing
508 silly cache afterAdd grunt-contrib-watch@0.6.1
509 verbose afterAdd C:\Users\bong717\AppData\Roaming\npm-cache\grunt-contrib-watch\0.6.1\package\package.json not in flight; writing
510 verbose correctMkdir C:\Users\bong717\AppData\Roaming\npm-cache correctMkdir not in flight; initializing
511 http fetch 200 https://registry.npmjs.org/grunt-jscs/-/grunt-jscs-0.6.2.tgz
512 verbose afterAdd C:\Users\bong717\AppData\Roaming\npm-cache\grunt-contrib-watch\0.6.1\package\package.json written
513 silly fetchAndShaCheck shasum 0ca814974c2b4cd8a88972d5e36467b1144f7c1f
514 verbose addTmpTarball C:\Users\bong717\AppData\Local\Temp\npm-1380-e49984cd\registry.npmjs.org\grunt-jscs\-\grunt-jscs-0.6.2.tgz not in flight; adding
515 verbose addTmpTarball already have metadata; skipping unpack for grunt-jscs@0.6.2
516 verbose correctMkdir C:\Users\bong717\AppData\Roaming\npm-cache correctMkdir not in flight; initializing
517 silly cache afterAdd grunt-jscs@0.6.2
518 verbose afterAdd C:\Users\bong717\AppData\Roaming\npm-cache\grunt-jscs\0.6.2\package\package.json not in flight; writing
519 verbose correctMkdir C:\Users\bong717\AppData\Roaming\npm-cache correctMkdir not in flight; initializing
520 verbose afterAdd C:\Users\bong717\AppData\Roaming\npm-cache\grunt-jscs\0.6.2\package\package.json written
521 http fetch 200 https://registry.npmjs.org/grunt-shell/-/grunt-shell-0.6.4.tgz
522 silly fetchAndShaCheck shasum e4a6d1b92912776fd93a299c5f6cc64e9525365c
523 verbose addTmpTarball C:\Users\bong717\AppData\Local\Temp\npm-1380-e49984cd\registry.npmjs.org\grunt-shell\-\grunt-shell-0.6.4.tgz not in flight; adding
524 verbose addTmpTarball already have metadata; skipping unpack for grunt-shell@0.6.4
525 verbose correctMkdir C:\Users\bong717\AppData\Roaming\npm-cache correctMkdir not in flight; initializing
526 silly cache afterAdd grunt-shell@0.6.4
527 verbose afterAdd C:\Users\bong717\AppData\Roaming\npm-cache\grunt-shell\0.6.4\package\package.json not in flight; writing
528 verbose correctMkdir C:\Users\bong717\AppData\Roaming\npm-cache correctMkdir not in flight; initializing
529 verbose afterAdd C:\Users\bong717\AppData\Roaming\npm-cache\grunt-shell\0.6.4\package\package.json written
530 http fetch 200 https://registry.npmjs.org/protractor/-/protractor-1.2.0.tgz
531 http fetch 200 https://registry.npmjs.org/grunt-protractor-runner/-/grunt-protractor-runner-1.1.4.tgz
532 silly fetchAndShaCheck shasum 5c1be2bc4cd77c2b7591fedce07fd7ab824320b6
533 verbose addTmpTarball C:\Users\bong717\AppData\Local\Temp\npm-1380-e49984cd\registry.npmjs.org\grunt-protractor-runner\-\grunt-protractor-runner-1.1.4.tgz not in flight; adding
534 verbose addTmpTarball already have metadata; skipping unpack for grunt-protractor-runner@1.1.4
535 verbose correctMkdir C:\Users\bong717\AppData\Roaming\npm-cache correctMkdir not in flight; initializing
536 silly cache afterAdd grunt-protractor-runner@1.1.4
537 verbose afterAdd C:\Users\bong717\AppData\Roaming\npm-cache\grunt-protractor-runner\1.1.4\package\package.json not in flight; writing
538 verbose correctMkdir C:\Users\bong717\AppData\Roaming\npm-cache correctMkdir not in flight; initializing
539 verbose afterAdd C:\Users\bong717\AppData\Roaming\npm-cache\grunt-protractor-runner\1.1.4\package\package.json written
540 silly fetchAndShaCheck shasum b55f538cefc8a9a41e7253d69962f03fb3140259
541 verbose addTmpTarball C:\Users\bong717\AppData\Local\Temp\npm-1380-e49984cd\registry.npmjs.org\protractor\-\protractor-1.2.0.tgz not in flight; adding
542 verbose addTmpTarball already have metadata; skipping unpack for protractor@1.2.0
543 verbose correctMkdir C:\Users\bong717\AppData\Roaming\npm-cache correctMkdir not in flight; initializing
544 silly cache afterAdd protractor@1.2.0
545 verbose afterAdd C:\Users\bong717\AppData\Roaming\npm-cache\protractor\1.2.0\package\package.json not in flight; writing
546 verbose correctMkdir C:\Users\bong717\AppData\Roaming\npm-cache correctMkdir not in flight; initializing
547 verbose afterAdd C:\Users\bong717\AppData\Roaming\npm-cache\protractor\1.2.0\package\package.json written
548 verbose stack Error: not found: git
548 verbose stack     at F (C:\Program Files\nodejs\node_modules\npm\node_modules\which\which.js:63:19)
548 verbose stack     at E (C:\Program Files\nodejs\node_modules\npm\node_modules\which\which.js:72:29)
548 verbose stack     at C:\Program Files\nodejs\node_modules\npm\node_modules\which\which.js:81:16
548 verbose stack     at C:\Program Files\nodejs\node_modules\npm\node_modules\which\node_modules\isexe\index.js:44:5
548 verbose stack     at C:\Program Files\nodejs\node_modules\npm\node_modules\which\node_modules\isexe\windows.js:29:5
548 verbose stack     at FSReqWrap.oncomplete (fs.js:82:15)
549 verbose cwd C:\wamp\www\auto-suggestion\angular-select2-master
550 error Windows_NT 10.0.10586
551 error argv "C:\\Program Files\\nodejs\\node.exe" "C:\\Program Files\\nodejs\\node_modules\\npm\\bin\\npm-cli.js" "install"
552 error node v4.4.3
553 error npm  v2.15.1
554 error code ENOGIT
555 error not found: git
556 error Failed using git.
556 error This is most likely not a problem with npm itself.
556 error Please check if you have git installed and in your PATH.
557 verbose exit [ 1, true ]
